<?xml version="1.0" encoding="UTF-8" ?>
<testsuite failures="0" time="0.027" errors="0" skipped="0" tests="7" name="com.rahul.poc.domain.PersonIntegrationTest">
  <properties>
[...]
</properties>
  <testcase time="0" classname="com.rahul.poc.domain.PersonIntegrationTest" name="testMarkerMethod"/>
  <testcase time="0" classname="com.rahul.poc.domain.PersonIntegrationTest" name="testCountAllPeople"/>
  <testcase time="0" classname="com.rahul.poc.domain.PersonIntegrationTest" name="testFindPerson"/>
  <testcase time="0.001" classname="com.rahul.poc.domain.PersonIntegrationTest" name="testFindAllPeople"/>
  <testcase time="0.005" classname="com.rahul.poc.domain.PersonIntegrationTest" name="testFindPersonEntries"/>
  <testcase time="0.008" classname="com.rahul.poc.domain.PersonIntegrationTest" name="testSavePerson"/>
  <testcase time="0.007" classname="com.rahul.poc.domain.PersonIntegrationTest" name="testDeletePerson"/>
</testsuite>